<?xml version="1.0" encoding="UTF-8"?>					


<!-- 
    Document Descripition:     Italian Invoice - XML instance example 
    Generated On:              September 2010                              
    Scope:                     Example created by Consip for Peppol WP5
-->

<Invoice xmlns="urn:oasis:names:specification:ubl:schema:xsd:Invoice-2"
    xmlns:cac="urn:oasis:names:specification:ubl:schema:xsd:CommonAggregateComponents-2"
    xmlns:cbc="urn:oasis:names:specification:ubl:schema:xsd:CommonBasicComponents-2"
    xmlns:ccts="urn:un:unece:uncefact:documentation:2"
    xmlns:ext="urn:oasis:names:specification:ubl:schema:xsd:CommonExtensionComponents-2"
    xmlns:qdt="urn:oasis:names:specification:ubl:schema:xsd:QualifiedDatatypes-2"
    xmlns:udt="urn:un:unece:uncefact:data:specification:UnqualifiedDataTypesSchemaModule:2"
    xmlns:xsd="http://www.w3.org/2001/XMLSchema"
    xmlns:xsi="http://www.w3.org/2001/XMLSchema-instance"
    xsi:schemaLocation="urn:oasis:names:specification:ubl:schema:xsd:Invoice-2 http://docs.oasis-open.org/ubl/os-UBL-2.0/xsd/maindoc/UBL-Invoice-2.0.xsd">
    <cbc:UBLVersionID>2.0</cbc:UBLVersionID>
    <cbc:CustomizationID>urn:www.cenbii.eu:transaction:biicoretrdm010:ver1.0</cbc:CustomizationID>
    <cbc:ProfileID>urn:www.cenbii.eu:profiles:profile4:ver1.0</cbc:ProfileID>
    <cbc:ID>TOSL108</cbc:ID>
    <cbc:IssueDate>2010-05-18</cbc:IssueDate>
    <cbc:InvoiceTypeCode listID="UN/ECE 1001 Subset" listAgencyID="6">380</cbc:InvoiceTypeCode>
    <cbc:Note languageID="it">Ordered in our booth at the convention.</cbc:Note>
    <cbc:DocumentCurrencyCode listID="ISO 4217 Alpha" listAgencyID="5">EUR</cbc:DocumentCurrencyCode>
    <cac:AccountingSupplierParty>
        <cac:Party>
            <cac:PartyName>
                <cbc:Name>Consip S.p.A. a Socio Unico </cbc:Name>
            </cac:PartyName>
            <cac:PostalAddress>
                <cbc:StreetName>via Isonzo</cbc:StreetName>
                <cbc:BuildingNumber>19/E</cbc:BuildingNumber>
                <cbc:CityName>Roma</cbc:CityName>
                <cbc:PostalZone>00198</cbc:PostalZone>
                <cbc:CountrySubentity>Rome</cbc:CountrySubentity>
                <cac:Country>
                    <cbc:IdentificationCode listID="ISO3166-1" listAgencyID="6"
                        >IT</cbc:IdentificationCode>
                </cac:Country>
            </cac:PostalAddress>
            <cac:PartyTaxScheme>
                <cbc:CompanyID schemeID="IT:VAT"
                    schemeURI="urn:oasis:names:tc:ebcore:partyid-type:unregistered:bii:it:vat">IT05359681003</cbc:CompanyID>
                <cac:TaxScheme>
                    <cbc:ID schemeID="UN/ECE 5153" schemeAgencyID="6">VAT</cbc:ID>
                </cac:TaxScheme>
            </cac:PartyTaxScheme>
            <cac:PartyTaxScheme>
                <cbc:CompanyID schemeID="IT:CF"
                    schemeURI="urn:oasis:names:tc:ebcore:partyid-type:unregistered:bii:it:cf">IT05359681003</cbc:CompanyID>
                <cac:TaxScheme>
                    <cbc:ID schemeID="UN/ECE 5153" schemeAgencyID="6">VAT</cbc:ID>
                </cac:TaxScheme>
            </cac:PartyTaxScheme>
            <cac:PartyLegalEntity>
                <cbc:RegistrationName>Consip S.p.A. a socio unico</cbc:RegistrationName>
                <cbc:CompanyID schemeID="REA" schemeAgencyID="ZZZ"/>              
                <cac:RegistrationAddress>
                    <cbc:CityName>Roma</cbc:CityName>
                    <cac:Country>
                        <cbc:IdentificationCode listID="ISO3166-1" listAgencyID="6">IT</cbc:IdentificationCode>
                    </cac:Country>
                </cac:RegistrationAddress>
            </cac:PartyLegalEntity>
        </cac:Party>
    </cac:AccountingSupplierParty>
    <cac:AccountingCustomerParty>
        <cac:Party>
            <cac:PartyName>
                <cbc:Name>Virage B.V.</cbc:Name>
            </cac:PartyName>
            <cac:PostalAddress>
                <cbc:StreetName>Korte Spaarne</cbc:StreetName>
                <cbc:BuildingNumber>31</cbc:BuildingNumber>
                <cbc:CityName>Haarlem</cbc:CityName>
                <cbc:PostalZone>2011</cbc:PostalZone>
                <cbc:CountrySubentityCode>AJ</cbc:CountrySubentityCode>                
                <cac:Country>
                    <cbc:IdentificationCode listID="ISO3166-1" listAgencyID="5">NL</cbc:IdentificationCode>
                </cac:Country>
            </cac:PostalAddress>
            <cac:PartyTaxScheme>
                <cbc:CompanyID schemeID="NL:VAT" schemeAgencyID="ZZZ">NL805296001B01</cbc:CompanyID>
                <cac:TaxScheme>
                    <cbc:ID schemeID="UN/ECE 5153" schemeAgencyID="6">VAT</cbc:ID>
                </cac:TaxScheme>
            </cac:PartyTaxScheme>
        </cac:Party>
    </cac:AccountingCustomerParty>
    <cac:PayeeParty>
        <cac:PartyName>
            <cbc:Name>Consip S.p.A. a Socio Unico</cbc:Name>
        </cac:PartyName>
        <cac:PartyLegalEntity>
            <cbc:CompanyID schemeID="IT:CF" schemeAgencyID="ZZZ">IT05359681003</cbc:CompanyID>
        </cac:PartyLegalEntity>
    </cac:PayeeParty>
    <cac:PaymentMeans>
        <cbc:PaymentMeansCode listID="UN/ECE 4461 Subset" listAgencyID="ITA"
            >30</cbc:PaymentMeansCode>
        <cbc:PaymentDueDate>2010-06-18</cbc:PaymentDueDate>
        <cbc:PaymentChannelCode>IBAN</cbc:PaymentChannelCode>
        <cac:PayeeFinancialAccount>
            <cbc:ID>IT06Q0558403230000000050214</cbc:ID>
            <cac:FinancialInstitutionBranch>
                <cac:FinancialInstitution>
                    <cbc:ID>05584</cbc:ID>
                </cac:FinancialInstitution>
            </cac:FinancialInstitutionBranch>
        </cac:PayeeFinancialAccount>
    </cac:PaymentMeans>
    <cac:TaxTotal>
        <cbc:TaxAmount currencyID="EUR">0</cbc:TaxAmount>
        <cac:TaxSubtotal>
            <cbc:TaxableAmount currencyID="EUR">0</cbc:TaxableAmount>
            <cbc:TaxAmount currencyID="EUR">0</cbc:TaxAmount>
            <cac:TaxCategory>
                <cbc:ID schemeID="UN/ECE 5305" schemeAgencyID="6">E</cbc:ID>                
                <cbc:Percent>0</cbc:Percent>
                <cbc:TaxExemptionReasonCode listID="CWA 15577" listAgencyID="ZZZ"
                    >N4</cbc:TaxExemptionReasonCode>
                <cbc:TaxExemptionReason>Escluso art. 7</cbc:TaxExemptionReason>              
                <cac:TaxScheme>
                    <cbc:ID schemeID="UN/ECE 5153" schemeAgencyID="6">VAT</cbc:ID>
                </cac:TaxScheme>
            </cac:TaxCategory>
        </cac:TaxSubtotal>
    </cac:TaxTotal>
    <cac:LegalMonetaryTotal>
        <cbc:LineExtensionAmount currencyID="EUR">22078.82</cbc:LineExtensionAmount>
        <cbc:TaxExclusiveAmount currencyID="EUR">22078.82</cbc:TaxExclusiveAmount>
        <cbc:TaxInclusiveAmount currencyID="EUR">22078.82</cbc:TaxInclusiveAmount>
        <cbc:PayableAmount currencyID="EUR">22078.82</cbc:PayableAmount>
    </cac:LegalMonetaryTotal>
    <cac:InvoiceLine>
        <cbc:ID>3</cbc:ID>        
        <cbc:InvoicedQuantity unitCode="C62">1</cbc:InvoicedQuantity>        
        <cbc:LineExtensionAmount currencyID="EUR">22078.82</cbc:LineExtensionAmount>
        <cac:TaxTotal>
            <cbc:TaxAmount currencyID="EUR">0</cbc:TaxAmount>
        </cac:TaxTotal>
        <cac:Item>
            <cbc:Description languageID="EN">Steppin - final payment</cbc:Description>
            <cbc:Name>Steppin</cbc:Name>
            <cac:ClassifiedTaxCategory>
                <cbc:ID schemeID="UN/ECE 5305" schemeAgencyID="6">RF01</cbc:ID>
                <cbc:Percent>0</cbc:Percent>
                <cac:TaxScheme>
                    <cbc:ID schemeID="UN/ECE 5153" schemeAgencyID="6">VAT</cbc:ID>
                </cac:TaxScheme>
            </cac:ClassifiedTaxCategory>
        </cac:Item>
        <cac:Price>
            <cbc:PriceAmount currencyID="EUR">22078.82</cbc:PriceAmount>
            <cbc:BaseQuantity unitCode="C62">1</cbc:BaseQuantity>
        </cac:Price>
    </cac:InvoiceLine>
</Invoice>
