<?xml version="1.0" encoding="UTF-8"?>
<?xml-stylesheet type="text/xsl" href="reikningurEN.xsl"?>
<Invoice xmlns="urn:oasis:names:specification:ubl:schema:xsd:Invoice-2" xmlns:cac="urn:oasis:names:specification:ubl:schema:xsd:CommonAggregateComponents-2" xmlns:cbc="urn:oasis:names:specification:ubl:schema:xsd:CommonBasicComponents-2" xmlns:ccts="urn:un:unece:uncefact:documentation:2" xmlns:ext="urn:oasis:names:specification:ubl:schema:xsd:CommonExtensionComponents-2" xmlns:qdt="urn:oasis:names:specification:ubl:schema:xsd:QualifiedDatatypes-2" xmlns:udt="urn:un:unece:uncefact:data:specification:UnqualifiedDataTypesSchemaModule:2" xmlns:xsd="http://www.w3.org/2001/XMLSchema" xmlns:xsi="http://www.w3.org/2001/XMLSchema-instance" xsi:schemaLocation="urn:oasis:names:specification:ubl:schema:xsd:Invoice-2 C:\Users\Notandi\Documents\Upplýsingar\Standards\UBL\cs-UBL-2.0\xsd\maindoc\UBL-Invoice-2.0.xsd">
	<cbc:UBLVersionID>2.0</cbc:UBLVersionID>
	<cbc:CustomizationID>urn:www.cenbii.eu:transaction:biicoretrdm010:ver1.0:ISNAT001</cbc:CustomizationID>
	<cbc:ProfileID>urn:www.cenbii.eu:profile:bii04:ver1.0</cbc:ProfileID>
	<cbc:ID>361</cbc:ID>
	<cbc:IssueDate>2010-09-01</cbc:IssueDate>
	<cbc:InvoiceTypeCode listID="UN/ECE 1001 Subset" listAgencyID="6">380</cbc:InvoiceTypeCode>
	<cbc:DocumentCurrencyCode listID="ISO 4217 Alpha" listAgencyID="6">ISK</cbc:DocumentCurrencyCode>
	<cac:AccountingSupplierParty>
		<cac:Party>
			<cbc:EndpointID schemeID="GLN" schemeAgencyID="9">0</cbc:EndpointID>
			<cac:PartyName>
				<cbc:Name>Eykur ehf</cbc:Name>
			</cac:PartyName>
			<cac:PostalAddress>
				<cbc:ID schemeID="GLN" schemeAgencyID="9">0</cbc:ID>
				<cbc:StreetName>Skógarlundur</cbc:StreetName>
				<cbc:BuildingNumber>12</cbc:BuildingNumber>
				<cbc:CityName>Garðabær</cbc:CityName>
				<cbc:PostalZone>210</cbc:PostalZone>
				<cac:Country>
					<cbc:IdentificationCode listID="ISO3166-1" listAgencyID="6">IS</cbc:IdentificationCode>
				</cac:Country>
			</cac:PostalAddress>
			<cac:PartyTaxScheme>
				<cbc:CompanyID schemeID="DKVAT" schemeAgencyID="ZZZ">IS61983</cbc:CompanyID>
				<cac:TaxScheme>
					<cbc:ID schemeID="UN/ECE 5153" schemeAgencyID="6">VAT</cbc:ID>
				</cac:TaxScheme>
			</cac:PartyTaxScheme>
			<cac:PartyLegalEntity>
				<cbc:CompanyID schemeID="CVR" schemeAgencyID="ZZZ">590299-2350</cbc:CompanyID>
			</cac:PartyLegalEntity>
			<cac:Contact>
				<cbc:Telephone>354 544 4800</cbc:Telephone>
				<cbc:ElectronicMail>eykur@eykur.is</cbc:ElectronicMail>
			</cac:Contact>
		</cac:Party>
	</cac:AccountingSupplierParty>
	<cac:AccountingCustomerParty>
		<cac:Party>
			<cac:PartyName>
				<cbc:Name>Reykjavíkurborg</cbc:Name>
			</cac:PartyName>
			<cac:PostalAddress>
				<cbc:StreetName>Borgartúni</cbc:StreetName>
				<cbc:BuildingNumber>41974</cbc:BuildingNumber>
				<cbc:Department>Upplýsingatæknimiðstöð</cbc:Department>
				<cbc:CityName>Reykjavík</cbc:CityName>
				<cbc:PostalZone>101</cbc:PostalZone>
				<cac:Country>
					<cbc:IdentificationCode listID="ISO3166-1" listAgencyID="6">IS</cbc:IdentificationCode>
				</cac:Country>
			</cac:PostalAddress>
			<cac:PartyTaxScheme>
				<cbc:CompanyID schemeID="BEVAT" schemeAgencyID="ZZZ">0</cbc:CompanyID>
				<cac:TaxScheme>
					<cbc:ID schemeID="UN/ECE 5153" schemeAgencyID="6">VAT</cbc:ID>
				</cac:TaxScheme>
			</cac:PartyTaxScheme>
			<cac:PartyLegalEntity>
				<cbc:CompanyID schemeAgencyID="ZZZ" schemeID="ZZZ">530269-7609</cbc:CompanyID>
			</cac:PartyLegalEntity>
		</cac:Party>
	</cac:AccountingCustomerParty>
	<cac:PaymentMeans>
		<cbc:PaymentMeansCode listID="UN/ECE 4461 Subset" listAgencyID="NES">42</cbc:PaymentMeansCode>
		<cbc:PaymentDueDate>2010-09-30</cbc:PaymentDueDate>
		<cbc:PaymentChannelCode>IS:BANK</cbc:PaymentChannelCode>
		<cac:PayeeFinancialAccount>
			<cbc:ID>527-26-012200</cbc:ID>
		</cac:PayeeFinancialAccount>
	</cac:PaymentMeans>
	<cac:PaymentTerms>
		<cbc:Note>Eftir eindaga leggst við 500kr. Vanskilagjald auk 10% dráttarvaxta frá gjalddaga.</cbc:Note>
		<cbc:PenaltySurchargePercent>10</cbc:PenaltySurchargePercent>
		<cac:SettlementPeriod>
			<cbc:StartDate>2010-09-30</cbc:StartDate>
		</cac:SettlementPeriod>
		<cac:PenaltyPeriod><cbc:StartDate>2010-09-30</cbc:StartDate></cac:PenaltyPeriod>
	</cac:PaymentTerms>
	<cac:TaxTotal>
		<cbc:TaxAmount currencyID="EUR">5265.75</cbc:TaxAmount>
		<cac:TaxSubtotal>
			<cbc:TaxableAmount currencyID="EUR">20650</cbc:TaxableAmount>
			<cbc:TaxAmount currencyID="EUR">5265.75</cbc:TaxAmount>
			<cac:TaxCategory>
				<cbc:ID schemeID="UN/ECE 5305" schemeAgencyID="6">S</cbc:ID>
				<cbc:Percent>25.5</cbc:Percent>
				<cac:TaxScheme>
					<cbc:ID schemeID="UN/ECE 5153" schemeAgencyID="6">VAT</cbc:ID>
				</cac:TaxScheme>
			</cac:TaxCategory>
		</cac:TaxSubtotal>
	</cac:TaxTotal>
	<cac:LegalMonetaryTotal>
		<cbc:LineExtensionAmount currencyID="EUR">20650</cbc:LineExtensionAmount>
		<cbc:TaxExclusiveAmount currencyID="EUR">20650</cbc:TaxExclusiveAmount>
		<cbc:TaxInclusiveAmount currencyID="EUR">25916</cbc:TaxInclusiveAmount>
		<cbc:PayableRoundingAmount currencyID="EUR">0.25</cbc:PayableRoundingAmount>
		<cbc:PayableAmount currencyID="EUR">25916</cbc:PayableAmount>
	</cac:LegalMonetaryTotal>
	<cac:InvoiceLine>
		<cbc:ID>1</cbc:ID>
		<cbc:InvoicedQuantity unitCode="C62">1.5</cbc:InvoicedQuantity>
		<cbc:LineExtensionAmount currencyID="EUR">18750</cbc:LineExtensionAmount>
		<cac:Item>
			<cbc:Description languageID="EN">Útfærsla á innleiðingu rafrænna reikninga</cbc:Description>
			<cbc:Name>Ráðgjöf í rafrænum viðskiptum</cbc:Name>
			<cac:SellersItemIdentification>
				<cbc:ID>1001</cbc:ID>
			</cac:SellersItemIdentification>
			<cac:CommodityClassification>
				<cbc:ItemClassificationCode listAgencyID="113" listID="UNSPSC">80101507</cbc:ItemClassificationCode>
			</cac:CommodityClassification>
			<ClassifiedTaxCategory xmlns="urn:oasis:names:specification:ubl:schema:xsd:CommonAggregateComponents-2">
				<cbc:ID schemeID="UN/ECE 5305" schemeAgencyID="6">S</cbc:ID>
				<TaxScheme>
					<cbc:ID schemeID="UN/ECE 5153" schemeAgencyID="6">VAT</cbc:ID>
				</TaxScheme>
			</ClassifiedTaxCategory>
		</cac:Item>
		<cac:Price>
			<cbc:PriceAmount currencyID="EUR">12500</cbc:PriceAmount>
			<cbc:BaseQuantity unitCode="C62">1</cbc:BaseQuantity>
		</cac:Price>
	</cac:InvoiceLine>
	<cac:InvoiceLine>
		<cbc:ID>2</cbc:ID>
		<cbc:InvoicedQuantity unitCode="C62">1</cbc:InvoicedQuantity>
		<cbc:LineExtensionAmount currencyID="EUR">1900</cbc:LineExtensionAmount>
		<cac:TaxTotal>
			<cbc:TaxAmount currencyID="EUR">380</cbc:TaxAmount>
		</cac:TaxTotal>
		<cac:Item>
			<cbc:Name>Akstur, innan höfuðborgarsvæðis</cbc:Name>
			<cac:SellersItemIdentification>
				<cbc:ID>8001</cbc:ID>
			</cac:SellersItemIdentification>
			<ClassifiedTaxCategory xmlns="urn:oasis:names:specification:ubl:schema:xsd:CommonAggregateComponents-2">
				<cbc:ID schemeID="UN/ECE 5305" schemeAgencyID="6">S</cbc:ID>
				<TaxScheme>
					<cbc:ID schemeID="UN/ECE 5153" schemeAgencyID="6">VAT</cbc:ID>
				</TaxScheme>
			</ClassifiedTaxCategory>
		</cac:Item>
		<cac:Price>
			<cbc:PriceAmount currencyID="EUR">1900</cbc:PriceAmount>
			<cbc:BaseQuantity unitCode="C62">1</cbc:BaseQuantity>
		</cac:Price>
	</cac:InvoiceLine>
</Invoice>
