<?xml version="1.0" encoding="UTF-8"?>
<Invoice xmlns:cnt="urn:oasis:names:specification:ubl:schema:xsd:CountryIdentificationCode-2"
         xmlns:cur="urn:oasis:names:specification:ubl:schema:xsd:CurrencyCode-2"
         xmlns:pty="urn:oasis:names:specification:ubl:schema:xsd:PaymentMeansCode-2"
         xmlns:clm54217="urn:un:unece:uncefact:codelist:specification:54217:2001"
         xmlns:clm66411="urn:un:unece:uncefact:codelist:specification:66411:2001"
         xmlns="urn:oasis:names:specification:ubl:schema:xsd:Invoice-2"
         xmlns:clmIANAMIMEMediaType="urn:un:unece:uncefact:codelist:specification:IANAMIMEMediaType:2003"
         xmlns:udt="urn:un:unece:uncefact:data:specification:UnqualifiedDataTypesSchemaModule:2"
         xmlns:cac="urn:oasis:names:specification:ubl:schema:xsd:CommonAggregateComponents-2"
         xmlns:cbc="urn:oasis:names:specification:ubl:schema:xsd:CommonBasicComponents-2"
         xmlns:ext="urn:oasis:names:specification:ubl:schema:xsd:CommonExtensionComponents-2"
         xmlns:xsi="http://www.w3.org/2001/XMLSchema-instance"
         xsi:schemaLocation="urn:oasis:names:specification:ubl:schema:xsd:Invoice-2 C:/Users/MARTIN~1/Documents/Projects/Peppol/Svefaktura-BIICoreInvoice/BIICoreInvoiceXSD/ProfileSchema/UBL-Invoice-2.0.xsd">
   <cbc:UBLVersionID>2.0</cbc:UBLVersionID>
   <cbc:CustomizationID>urn:www.cenbii.eu:transaction:biicoretrdm010:ver1.0</cbc:CustomizationID>
   <cbc:ProfileID>urn:www.cenbii.eu:profile:bii04:ver1.0</cbc:ProfileID>
   <cbc:ID>2007-99123</cbc:ID>
   <cbc:IssueDate>2007-02-05</cbc:IssueDate>
   <cbc:InvoiceTypeCode>380</cbc:InvoiceTypeCode>
   <cbc:DocumentCurrencyCode>SEK</cbc:DocumentCurrencyCode>
   <cbc:AccountingCost>0765123456, 6081</cbc:AccountingCost>
   <cac:InvoicePeriod>
      <cbc:StartDate>2006-11-05</cbc:StartDate>
      <cbc:EndDate>2007-02-04</cbc:EndDate>
   </cac:InvoicePeriod>
   <cac:ContractDocumentReference>
      <cbc:ID>ABC1234</cbc:ID>
   </cac:ContractDocumentReference>
   <cac:AdditionalDocumentReference>
      <cbc:ID>0765123456</cbc:ID>
      <cbc:DocumentType>Invoiced object</cbc:DocumentType>
   </cac:AdditionalDocumentReference>
   <cac:AccountingSupplierParty>
      <cac:Party>
         <cac:PartyName>
            <cbc:Name>Telefonitjänster AB</cbc:Name>
         </cac:PartyName>
         <cac:PostalAddress>
            <cbc:StreetName>Genvägen 9</cbc:StreetName>
            <cbc:CityName>Lilleby</cbc:CityName>
            <cbc:PostalZone>97531</cbc:PostalZone>
            <cac:Country>
               <cbc:IdentificationCode>SE</cbc:IdentificationCode>
            </cac:Country>
         </cac:PostalAddress>
         <cac:PartyTaxScheme>
            <cbc:CompanyID>SE224466880001</cbc:CompanyID>
            <cac:TaxScheme>
               <cbc:ID>VAT</cbc:ID>
            </cac:TaxScheme>
         </cac:PartyTaxScheme>
         <cac:PartyLegalEntity>
            <cbc:CompanyID schemeID="SE:ORGNR">2244668800</cbc:CompanyID>
            <cac:RegistrationAddress>
               <cbc:CityName>Lilleby</cbc:CityName>
               <cac:Country>
                  <cbc:IdentificationCode>SE</cbc:IdentificationCode>
               </cac:Country>
            </cac:RegistrationAddress>
         </cac:PartyLegalEntity>
         <cac:Contact>
            <cbc:Telephone>08123000</cbc:Telephone>
            <cbc:ElectronicMail>info@telefonitjanst.se</cbc:ElectronicMail>
         </cac:Contact>
      </cac:Party>
   </cac:AccountingSupplierParty>
   <cac:AccountingCustomerParty>
      <cac:Party>
         <cac:PartyIdentification>
            <cbc:ID>KUND123</cbc:ID>
         </cac:PartyIdentification>
         <cac:PartyName>
            <cbc:Name>Myndighet X</cbc:Name>
         </cac:PartyName>
         <cac:PostalAddress>
            <cbc:CityName>Stockholm</cbc:CityName>
            <cbc:PostalZone>10012</cbc:PostalZone>
            <cac:Country>
               <cbc:IdentificationCode>SE</cbc:IdentificationCode>
            </cac:Country>
         </cac:PostalAddress>
      </cac:Party>
   </cac:AccountingCustomerParty>
   <cac:Delivery>
      <cac:DeliveryLocation>
         <cac:Address>
            <cbc:StreetName>Storgatan 1</cbc:StreetName>
            <cbc:Department>Intern service</cbc:Department>
            <cbc:CityName>Stockholm</cbc:CityName>
         </cac:Address>
      </cac:DeliveryLocation>
   </cac:Delivery>
   <cac:PaymentMeans>
      <cbc:PaymentMeansCode>1</cbc:PaymentMeansCode>
      <cbc:PaymentDueDate>2007-03-05</cbc:PaymentDueDate>
      <cbc:PaymentChannelCode>SE:BANKGIRO</cbc:PaymentChannelCode>
      <cbc:PaymentID>123456789012345</cbc:PaymentID>
      <cac:PayeeFinancialAccount>
         <cbc:ID>53310000</cbc:ID>
      </cac:PayeeFinancialAccount>
   </cac:PaymentMeans>
   <cac:PaymentMeans>
      <cbc:PaymentMeansCode>1</cbc:PaymentMeansCode>
      <cbc:PaymentDueDate>2007-03-05</cbc:PaymentDueDate>
      <cbc:PaymentChannelCode>SE:PLUSGIRO</cbc:PaymentChannelCode>
      <cbc:PaymentID>123456789012345</cbc:PaymentID>
      <cac:PayeeFinancialAccount>
         <cbc:ID>47900000</cbc:ID>
      </cac:PayeeFinancialAccount>
   </cac:PaymentMeans>
   <cac:PaymentTerms>
      <cbc:Note>30 dagar</cbc:Note>
   </cac:PaymentTerms>
   <cac:TaxTotal>
      <cbc:TaxAmount currencyID="SEK">207.76</cbc:TaxAmount>
      <cac:TaxSubtotal>
         <cbc:TaxableAmount currencyID="SEK">831.02</cbc:TaxableAmount>
         <cbc:TaxAmount currencyID="SEK">207.76</cbc:TaxAmount>
         <cac:TaxCategory>
            <cbc:ID>S</cbc:ID>
            <cbc:Percent>25</cbc:Percent>
            <cac:TaxScheme>
               <cbc:ID>VAT</cbc:ID>
            </cac:TaxScheme>
         </cac:TaxCategory>
      </cac:TaxSubtotal>
   </cac:TaxTotal>
   <cac:LegalMonetaryTotal>
      <cbc:LineExtensionAmount currencyID="SEK">831.02</cbc:LineExtensionAmount>
      <cbc:TaxExclusiveAmount currencyID="SEK">831.02</cbc:TaxExclusiveAmount>
      <cbc:TaxInclusiveAmount currencyID="SEK">1039</cbc:TaxInclusiveAmount>
      <cbc:PayableRoundingAmount currencyID="SEK">0.22</cbc:PayableRoundingAmount>
      <cbc:PayableAmount currencyID="SEK">1039</cbc:PayableAmount>
   </cac:LegalMonetaryTotal>
   <cac:InvoiceLine>
      <cbc:ID>10</cbc:ID>
      <cbc:Note>Invoiced Quantity Code:St&#xD;</cbc:Note>
      <cbc:InvoicedQuantity unitCode="ZZ">77</cbc:InvoicedQuantity>
      <cbc:LineExtensionAmount currencyID="SEK">53.9</cbc:LineExtensionAmount>
      <cac:Item>
         <cbc:Description>Samtal i Sverige: fasta nätet, öppn.avg</cbc:Description>
         <cac:ClassifiedTaxCategory>
            <cbc:ID>S</cbc:ID>
            <cbc:Percent>25</cbc:Percent>
            <cac:TaxScheme>
               <cbc:ID>VAT</cbc:ID>
            </cac:TaxScheme>
         </cac:ClassifiedTaxCategory>
      </cac:Item>
      <cac:Price>
         <cbc:PriceAmount currencyID="SEK">0.7</cbc:PriceAmount>
      </cac:Price>
   </cac:InvoiceLine>
   <cac:InvoiceLine>
      <cbc:ID>15</cbc:ID>
      <cbc:Note/>
      <cbc:InvoicedQuantity unitCode="MIN">693.8</cbc:InvoicedQuantity>
      <cbc:LineExtensionAmount currencyID="SEK">0</cbc:LineExtensionAmount>
      <cac:Item>
         <cbc:Description>Samtal i Sverige: fasta nätet, tid</cbc:Description>
         <cac:ClassifiedTaxCategory>
            <cbc:ID>S</cbc:ID>
            <cbc:Percent>25</cbc:Percent>
            <cac:TaxScheme>
               <cbc:ID>VAT</cbc:ID>
            </cac:TaxScheme>
         </cac:ClassifiedTaxCategory>
      </cac:Item>
      <cac:Price>
         <cbc:PriceAmount currencyID="SEK">0</cbc:PriceAmount>
      </cac:Price>
   </cac:InvoiceLine>
   <cac:InvoiceLine>
      <cbc:ID>20</cbc:ID>
      <cbc:Note>Invoiced Quantity Code:St&#xD;"Ring mer"-kampanj: 100 samtal</cbc:Note>
      <cbc:InvoicedQuantity unitCode="ZZ">104</cbc:InvoicedQuantity>
      <cbc:LineExtensionAmount currencyID="SEK">22.8</cbc:LineExtensionAmount>
      <cac:AllowanceCharge>
         <cbc:ChargeIndicator>false</cbc:ChargeIndicator>
         <cbc:Amount currencyID="SEK">50</cbc:Amount>
      </cac:AllowanceCharge>
      <cac:Item>
         <cbc:Description>Samtal i Sverige: vårt mobilnät, öppn.avg</cbc:Description>
         <cac:ClassifiedTaxCategory>
            <cbc:ID>S</cbc:ID>
            <cbc:Percent>25</cbc:Percent>
            <cac:TaxScheme>
               <cbc:ID>VAT</cbc:ID>
            </cac:TaxScheme>
         </cac:ClassifiedTaxCategory>
      </cac:Item>
      <cac:Price>
         <cbc:PriceAmount currencyID="SEK">0.7</cbc:PriceAmount>
      </cac:Price>
   </cac:InvoiceLine>
   <cac:InvoiceLine>
      <cbc:ID>25</cbc:ID>
      <cbc:Note/>
      <cbc:InvoicedQuantity unitCode="MIN">411.5</cbc:InvoicedQuantity>
      <cbc:LineExtensionAmount currencyID="SEK">205.75</cbc:LineExtensionAmount>
      <cac:Item>
         <cbc:Description>Samtal i Sverige: vårt mobilnät, tid</cbc:Description>
         <cac:ClassifiedTaxCategory>
            <cbc:ID>S</cbc:ID>
            <cbc:Percent>25</cbc:Percent>
            <cac:TaxScheme>
               <cbc:ID>VAT</cbc:ID>
            </cac:TaxScheme>
         </cac:ClassifiedTaxCategory>
      </cac:Item>
      <cac:Price>
         <cbc:PriceAmount currencyID="SEK">0.5</cbc:PriceAmount>
      </cac:Price>
   </cac:InvoiceLine>
   <cac:InvoiceLine>
      <cbc:ID>30</cbc:ID>
      <cbc:Note>Invoiced Quantity Code:St&#xD;</cbc:Note>
      <cbc:InvoicedQuantity unitCode="ZZ">30</cbc:InvoicedQuantity>
      <cbc:LineExtensionAmount currencyID="SEK">45</cbc:LineExtensionAmount>
      <cac:Item>
         <cbc:Description>Samtal i Sverige: andra mobilop., öppn.avg</cbc:Description>
         <cac:ClassifiedTaxCategory>
            <cbc:ID>S</cbc:ID>
            <cbc:Percent>25</cbc:Percent>
            <cac:TaxScheme>
               <cbc:ID>VAT</cbc:ID>
            </cac:TaxScheme>
         </cac:ClassifiedTaxCategory>
      </cac:Item>
      <cac:Price>
         <cbc:PriceAmount currencyID="SEK">1.5</cbc:PriceAmount>
      </cac:Price>
   </cac:InvoiceLine>
   <cac:InvoiceLine>
      <cbc:ID>35</cbc:ID>
      <cbc:Note/>
      <cbc:InvoicedQuantity unitCode="MIN">75.3</cbc:InvoicedQuantity>
      <cbc:LineExtensionAmount currencyID="SEK">192.02</cbc:LineExtensionAmount>
      <cac:Item>
         <cbc:Description>Samtal i Sverige: andra mobilop., tid</cbc:Description>
         <cac:ClassifiedTaxCategory>
            <cbc:ID>S</cbc:ID>
            <cbc:Percent>25</cbc:Percent>
            <cac:TaxScheme>
               <cbc:ID>VAT</cbc:ID>
            </cac:TaxScheme>
         </cac:ClassifiedTaxCategory>
      </cac:Item>
      <cac:Price>
         <cbc:PriceAmount currencyID="SEK">2.55</cbc:PriceAmount>
      </cac:Price>
   </cac:InvoiceLine>
   <cac:InvoiceLine>
      <cbc:ID>40</cbc:ID>
      <cbc:Note>Invoiced Quantity Code:Mb&#xD;39 uppkopplingar</cbc:Note>
      <cbc:InvoicedQuantity unitCode="ZZ">5.311</cbc:InvoicedQuantity>
      <cbc:LineExtensionAmount currencyID="SEK">79.67</cbc:LineExtensionAmount>
      <cac:Item>
         <cbc:Description>Datatrafik: Internet/WAP</cbc:Description>
         <cac:ClassifiedTaxCategory>
            <cbc:ID>S</cbc:ID>
            <cbc:Percent>25</cbc:Percent>
            <cac:TaxScheme>
               <cbc:ID>VAT</cbc:ID>
            </cac:TaxScheme>
         </cac:ClassifiedTaxCategory>
      </cac:Item>
      <cac:Price>
         <cbc:PriceAmount currencyID="SEK">15</cbc:PriceAmount>
      </cac:Price>
   </cac:InvoiceLine>
   <cac:InvoiceLine>
      <cbc:ID>50</cbc:ID>
      <cbc:Note>Invoiced Quantity Code:St&#xD;</cbc:Note>
      <cbc:InvoicedQuantity unitCode="ZZ">5</cbc:InvoicedQuantity>
      <cbc:LineExtensionAmount currencyID="SEK">10</cbc:LineExtensionAmount>
      <cac:Item>
         <cbc:Description>Mobile4U, UK: Utgående samtal, öppn.avg</cbc:Description>
         <cac:ClassifiedTaxCategory>
            <cbc:ID>S</cbc:ID>
            <cbc:Percent>25</cbc:Percent>
            <cac:TaxScheme>
               <cbc:ID>VAT</cbc:ID>
            </cac:TaxScheme>
         </cac:ClassifiedTaxCategory>
      </cac:Item>
      <cac:Price>
         <cbc:PriceAmount currencyID="SEK">2</cbc:PriceAmount>
      </cac:Price>
   </cac:InvoiceLine>
   <cac:InvoiceLine>
      <cbc:ID>55</cbc:ID>
      <cbc:Note/>
      <cbc:InvoicedQuantity unitCode="MIN">18.7</cbc:InvoicedQuantity>
      <cbc:LineExtensionAmount currencyID="SEK">49.56</cbc:LineExtensionAmount>
      <cac:Item>
         <cbc:Description>Mobile4U, UK: Utgående samtal, tid</cbc:Description>
         <cac:ClassifiedTaxCategory>
            <cbc:ID>S</cbc:ID>
            <cbc:Percent>25</cbc:Percent>
            <cac:TaxScheme>
               <cbc:ID>VAT</cbc:ID>
            </cac:TaxScheme>
         </cac:ClassifiedTaxCategory>
      </cac:Item>
      <cac:Price>
         <cbc:PriceAmount currencyID="SEK">2.65</cbc:PriceAmount>
      </cac:Price>
   </cac:InvoiceLine>
   <cac:InvoiceLine>
      <cbc:ID>60</cbc:ID>
      <cbc:Note>Invoiced Quantity Code:St&#xD;</cbc:Note>
      <cbc:InvoicedQuantity unitCode="ZZ">9</cbc:InvoicedQuantity>
      <cbc:LineExtensionAmount currencyID="SEK">22.32</cbc:LineExtensionAmount>
      <cac:Item>
         <cbc:Description>Mobile4U, UK: Utgående SMS</cbc:Description>
         <cac:ClassifiedTaxCategory>
            <cbc:ID>S</cbc:ID>
            <cbc:Percent>25</cbc:Percent>
            <cac:TaxScheme>
               <cbc:ID>VAT</cbc:ID>
            </cac:TaxScheme>
         </cac:ClassifiedTaxCategory>
      </cac:Item>
      <cac:Price>
         <cbc:PriceAmount currencyID="SEK">2.48</cbc:PriceAmount>
      </cac:Price>
   </cac:InvoiceLine>
   <cac:InvoiceLine>
      <cbc:ID>70</cbc:ID>
      <cbc:Note>Invoiced Quantity Code:St&#xD;Dagens Witz KB, tel 0777-123456</cbc:Note>
      <cbc:InvoicedQuantity unitCode="ZZ">2</cbc:InvoicedQuantity>
      <cbc:LineExtensionAmount currencyID="SEK">50</cbc:LineExtensionAmount>
      <cac:AllowanceCharge>
         <cbc:ChargeIndicator>false</cbc:ChargeIndicator>
         <cbc:Amount currencyID="SEK">5</cbc:Amount>
      </cac:AllowanceCharge>
      <cac:Item>
         <cbc:Description>Förmedlad tjänst</cbc:Description>
         <cac:ClassifiedTaxCategory>
            <cbc:ID>S</cbc:ID>
            <cbc:Percent>25</cbc:Percent>
            <cac:TaxScheme>
               <cbc:ID>VAT</cbc:ID>
            </cac:TaxScheme>
         </cac:ClassifiedTaxCategory>
      </cac:Item>
      <cac:Price>
         <cbc:PriceAmount currencyID="SEK">27.5</cbc:PriceAmount>
      </cac:Price>
   </cac:InvoiceLine>
   <cac:InvoiceLine>
      <cbc:ID>80</cbc:ID>
      <cbc:Note>Period 20070205-20070504</cbc:Note>
      <cbc:LineExtensionAmount currencyID="SEK">100</cbc:LineExtensionAmount>
      <cac:Item>
         <cbc:Description>Abonnemang, förlängning</cbc:Description>
         <cac:ClassifiedTaxCategory>
            <cbc:ID>S</cbc:ID>
            <cbc:Percent>25</cbc:Percent>
            <cac:TaxScheme>
               <cbc:ID>VAT</cbc:ID>
            </cac:TaxScheme>
         </cac:ClassifiedTaxCategory>
      </cac:Item>
      <cac:Price>
         <cbc:PriceAmount currencyID="SEK">0</cbc:PriceAmount>
      </cac:Price>
   </cac:InvoiceLine>
</Invoice>